981:C 07 Oct 01:24:31.098 # Warning: no config file specified, using the default config. In order to specify a config file use redis-server /path/to/redis.conf
981:M 07 Oct 01:24:31.101 * Increased maximum number of open files to 10032 (it was originally set to 7168).
                _._                                                  
           _.-``__ ''-._                                             
      _.-``    `.  `_.  ''-._           Redis 3.2.3 (00000000/0) 64 bit
  .-`` .-```.  ```\/    _.,_ ''-._                                   
 (    '      ,       .-`  | `,    )     Running in standalone mode
 |`-._`-...-` __...-.``-._|'` _.-'|     Port: 6379
 |    `-._   `._    /     _.-'    |     PID: 981
  `-._    `-._  `-./  _.-'    _.-'                                   
 |`-._`-._    `-.__.-'    _.-'_.-'|                                  
 |    `-._`-._        _.-'_.-'    |           http://redis.io        
  `-._    `-._`-.__.-'_.-'    _.-'                                   
 |`-._`-._    `-.__.-'    _.-'_.-'|                                  
 |    `-._`-._        _.-'_.-'    |                                  
  `-._    `-._`-.__.-'_.-'    _.-'                                   
      `-._    `-.__.-'    _.-'                                       
          `-._        _.-'                                           
              `-.__.-'                                               

981:M 07 Oct 01:24:31.111 # Server started, Redis version 3.2.3
981:M 07 Oct 01:24:31.111 * The server is now ready to accept connections on port 6379
990:C 07 Oct 01:24:36.627 # Warning: no config file specified, using the default config. In order to specify a config file use redis-server /path/to/redis.conf
990:M 07 Oct 01:24:36.629 * Increased maximum number of open files to 10032 (it was originally set to 7168).
990:M 07 Oct 01:24:36.630 # Creating Server TCP listening socket *:6379: bind: Address already in use
981:M 07 Oct 02:24:32.064 * 1 changes in 3600 seconds. Saving...
981:M 07 Oct 02:24:32.065 * Background saving started by pid 1908
1908:C 07 Oct 02:24:32.067 * DB saved on disk
981:M 07 Oct 02:24:32.171 * Background saving terminated with success
981:M 07 Oct 14:34:26.043 * 1 changes in 3600 seconds. Saving...
981:M 07 Oct 14:34:26.045 * Background saving started by pid 4495
4495:C 07 Oct 14:34:26.048 * DB saved on disk
981:M 07 Oct 14:34:26.146 * Background saving terminated with success
981:M 07 Oct 14:39:27.034 * 100 changes in 300 seconds. Saving...
981:M 07 Oct 14:39:27.035 * Background saving started by pid 4603
4603:C 07 Oct 14:39:27.036 * DB saved on disk
981:M 07 Oct 14:39:27.140 * Background saving terminated with success
981:M 07 Oct 14:59:01.265 * DB saved on disk
981:M 07 Oct 15:59:02.096 * 1 changes in 3600 seconds. Saving...
981:M 07 Oct 15:59:02.099 * Background saving started by pid 4964
4964:C 07 Oct 15:59:02.102 * DB saved on disk
981:M 07 Oct 15:59:02.201 * Background saving terminated with success
